[2019-12-25 14:00:16.611] [exthost] [info] extension host started
[2019-12-25 14:00:17.140] [exthost] [info] ExtensionService#_doActivateExtension vscode.css-language-features {"startup":false,"extensionId":{"value":"vscode.css-language-features","_lower":"vscode.css-language-features"},"activationEvent":"onLanguage:css"}
[2019-12-25 14:00:17.141] [exthost] [info] ExtensionService#loadCommonJSModule file:///usr/share/code/resources/app/extensions/css-language-features/client/dist/cssMain
[2019-12-25 14:00:17.343] [exthost] [info] ExtensionService#_doActivateExtension vscode.emmet {"startup":false,"extensionId":{"value":"vscode.emmet","_lower":"vscode.emmet"},"activationEvent":"onLanguage:css"}
[2019-12-25 14:00:17.343] [exthost] [info] ExtensionService#loadCommonJSModule file:///usr/share/code/resources/app/extensions/emmet/dist/extension
[2019-12-25 14:00:17.796] [exthost] [info] ExtensionService#_doActivateExtension vscode.debug-auto-launch {"startup":true,"extensionId":{"value":"vscode.debug-auto-launch","_lower":"vscode.debug-auto-launch"},"activationEvent":"*"}
[2019-12-25 14:00:17.796] [exthost] [info] ExtensionService#loadCommonJSModule file:///usr/share/code/resources/app/extensions/debug-auto-launch/dist/extension
[2019-12-25 14:00:17.981] [exthost] [info] ExtensionService#_doActivateExtension vscode.git {"startup":true,"extensionId":{"value":"vscode.git","_lower":"vscode.git"},"activationEvent":"*"}
[2019-12-25 14:00:17.981] [exthost] [info] ExtensionService#loadCommonJSModule file:///usr/share/code/resources/app/extensions/git/dist/main
[2019-12-25 14:00:18.423] [exthost] [info] ExtensionService#_doActivateExtension vscode.merge-conflict {"startup":true,"extensionId":{"value":"vscode.merge-conflict","_lower":"vscode.merge-conflict"},"activationEvent":"*"}
[2019-12-25 14:00:18.424] [exthost] [info] ExtensionService#loadCommonJSModule file:///usr/share/code/resources/app/extensions/merge-conflict/dist/extension
[2019-12-25 14:00:18.524] [exthost] [info] ExtensionService#_doActivateExtension vscode.search-result {"startup":true,"extensionId":{"value":"vscode.search-result","_lower":"vscode.search-result"},"activationEvent":"*"}
[2019-12-25 14:00:18.524] [exthost] [info] ExtensionService#loadCommonJSModule file:///usr/share/code/resources/app/extensions/search-result/dist/extension.js
[2019-12-25 14:00:18.592] [exthost] [info] ExtensionService#_doActivateExtension eamodio.gitlens {"startup":true,"extensionId":{"value":"eamodio.gitlens","_lower":"eamodio.gitlens"},"activationEvent":"*"}
[2019-12-25 14:00:18.593] [exthost] [info] ExtensionService#loadCommonJSModule file:///root/.vscode/extensions/eamodio.gitlens-10.2.0/dist/extension
[2019-12-25 14:00:20.958] [exthost] [info] ExtensionService#_doActivateExtension vscode.configuration-editing {"startup":false,"extensionId":{"value":"vscode.configuration-editing","_lower":"vscode.configuration-editing"},"activationEvent":"onLanguage:json"}
[2019-12-25 14:00:20.959] [exthost] [info] ExtensionService#loadCommonJSModule file:///usr/share/code/resources/app/extensions/configuration-editing/dist/extension
[2019-12-25 14:00:22.031] [exthost] [info] ExtensionService#_doActivateExtension vscode.extension-editing {"startup":false,"extensionId":{"value":"vscode.extension-editing","_lower":"vscode.extension-editing"},"activationEvent":"onLanguage:json"}
[2019-12-25 14:00:22.031] [exthost] [info] ExtensionService#loadCommonJSModule file:///usr/share/code/resources/app/extensions/extension-editing/dist/extension
[2019-12-25 14:00:22.969] [exthost] [info] ExtensionService#_doActivateExtension vscode.json-language-features {"startup":false,"extensionId":{"value":"vscode.json-language-features","_lower":"vscode.json-language-features"},"activationEvent":"onLanguage:json"}
[2019-12-25 14:00:22.970] [exthost] [info] ExtensionService#loadCommonJSModule file:///usr/share/code/resources/app/extensions/json-language-features/client/dist/jsonMain
[2019-12-25 14:00:23.604] [exthost] [info] ExtensionService#_doActivateExtension vscode.npm {"startup":false,"extensionId":{"value":"vscode.npm","_lower":"vscode.npm"},"activationEvent":"onLanguage:json"}
[2019-12-25 14:00:23.604] [exthost] [info] ExtensionService#loadCommonJSModule file:///usr/share/code/resources/app/extensions/npm/dist/main
[2019-12-25 14:00:23.917] [exthost] [info] ExtensionService#_doActivateExtension vscode.typescript-language-features {"startup":false,"extensionId":{"value":"vscode.typescript-language-features","_lower":"vscode.typescript-language-features"},"activationEvent":"onLanguage:typescript"}
[2019-12-25 14:00:23.917] [exthost] [info] ExtensionService#loadCommonJSModule file:///usr/share/code/resources/app/extensions/typescript-language-features/dist/extension
[2019-12-25 14:00:25.870] [exthost] [info] ExtensionService#_doActivateExtension jpahnen.dotnet-cli-wrapper {"startup":true,"extensionId":{"value":"jpahnen.dotnet-cli-wrapper","_lower":"jpahnen.dotnet-cli-wrapper"},"activationEvent":"workspaceContainsTimeout:**/*.csproj,**/*.sln"}
[2019-12-25 14:00:25.870] [exthost] [info] ExtensionService#loadCommonJSModule file:///root/.vscode/extensions/jpahnen.dotnet-cli-wrapper-0.1.0/out/extension
[2019-12-25 14:00:34.174] [exthost] [error] Activating extension jpahnen.dotnet-cli-wrapper failed due to an error:
[2019-12-25 14:00:34.286] [exthost] [error] Error: Cannot find module './cliHelper'
Require stack:
- /root/.vscode/extensions/jpahnen.dotnet-cli-wrapper-0.1.0/out/cliWrapper.js
- /root/.vscode/extensions/jpahnen.dotnet-cli-wrapper-0.1.0/out/extension.js
- /usr/share/code/resources/app/out/vs/loader.js
- /usr/share/code/resources/app/out/bootstrap-amd.js
- /usr/share/code/resources/app/out/bootstrap-fork.js
	at Function.Module._resolveFilename (internal/modules/cjs/loader.js:627:15)
	at Function.Module._load (internal/modules/cjs/loader.js:531:27)
	at Function.t._load (/usr/share/code/resources/app/out/vs/workbench/services/extensions/node/extensionHostProcess.js:818:851)
	at Function.n._load (/usr/share/code/resources/app/out/vs/workbench/services/extensions/node/extensionHostProcess.js:789:164)
	at Function.i._load (/usr/share/code/resources/app/out/vs/workbench/services/extensions/node/extensionHostProcess.js:785:618)
	at Module.require (internal/modules/cjs/loader.js:685:19)
	at n (/usr/share/code/resources/app/out/vs/loader.js:15:524)
	at Object.<anonymous> (/root/.vscode/extensions/jpahnen.dotnet-cli-wrapper-0.1.0/out/cliWrapper.js:4:21)
	at Module.o._compile (/usr/share/code/resources/app/out/vs/loader.js:15:749)
	at Object.Module._extensions..js (internal/modules/cjs/loader.js:798:10)
	at Module.load (internal/modules/cjs/loader.js:645:32)
	at Function.Module._load (internal/modules/cjs/loader.js:560:12)
	at Function.t._load (/usr/share/code/resources/app/out/vs/workbench/services/extensions/node/extensionHostProcess.js:818:851)
	at Function.n._load (/usr/share/code/resources/app/out/vs/workbench/services/extensions/node/extensionHostProcess.js:789:164)
	at Function.i._load (/usr/share/code/resources/app/out/vs/workbench/services/extensions/node/extensionHostProcess.js:785:618)
	at Module.require (internal/modules/cjs/loader.js:685:19)
	at n (/usr/share/code/resources/app/out/vs/loader.js:15:524)
	at Object.<anonymous> (/root/.vscode/extensions/jpahnen.dotnet-cli-wrapper-0.1.0/out/extension.js:6:22)
	at Module.o._compile (/usr/share/code/resources/app/out/vs/loader.js:15:749)
	at Object.Module._extensions..js (internal/modules/cjs/loader.js:798:10)
	at Module.load (internal/modules/cjs/loader.js:645:32)
	at Function.Module._load (internal/modules/cjs/loader.js:560:12)
	at Function.t._load (/usr/share/code/resources/app/out/vs/workbench/services/extensions/node/extensionHostProcess.js:818:851)
	at Function.n._load (/usr/share/code/resources/app/out/vs/workbench/services/extensions/node/extensionHostProcess.js:789:164)
	at Function.i._load (/usr/share/code/resources/app/out/vs/workbench/services/extensions/node/extensionHostProcess.js:785:618)
	at Module.require (internal/modules/cjs/loader.js:685:19)
	at require (internal/modules/cjs/helpers.js:16:16)
	at Function.s [as __$__nodeRequire] (/usr/share/code/resources/app/out/vs/loader.js:32:963)
	at d._loadCommonJSModule (/usr/share/code/resources/app/out/vs/workbench/services/extensions/node/extensionHostProcess.js:790:289)
	at d._doActivateExtension (/usr/share/code/resources/app/out/vs/workbench/services/extensions/node/extensionHostProcess.js:694:547)
	at d._activateExtension (/usr/share/code/resources/app/out/vs/workbench/services/extensions/node/extensionHostProcess.js:693:582)
	at Object.actualActivateExtension (/usr/share/code/resources/app/out/vs/workbench/services/extensions/node/extensionHostProcess.js:691:534)
	at d._activateExtension (/usr/share/code/resources/app/out/vs/workbench/services/extensions/node/extensionHostProcess.js:517:21)
	at /usr/share/code/resources/app/out/vs/workbench/services/extensions/node/extensionHostProcess.js:516:632
	at Array.map (<anonymous>)
	at d._activateExtensions (/usr/share/code/resources/app/out/vs/workbench/services/extensions/node/extensionHostProcess.js:516:620)
	at d.activateById (/usr/share/code/resources/app/out/vs/workbench/services/extensions/node/extensionHostProcess.js:514:709)
	at d._activateById (/usr/share/code/resources/app/out/vs/workbench/services/extensions/node/extensionHostProcess.js:692:345)
	at Timeout._onTimeout (/usr/share/code/resources/app/out/vs/workbench/services/extensions/node/extensionHostProcess.js:697:863)
	at listOnTimeout (internal/timers.js:531:17)
	at processTimers (internal/timers.js:475:7)
[2019-12-25 14:00:34.287] [exthost] [info] ExtensionService#_doActivateExtension ms-vscode.csharp {"startup":true,"extensionId":{"value":"ms-vscode.csharp","_lower":"ms-vscode.csharp"},"activationEvent":"workspaceContainsTimeout:*.csproj,*.sln,*.csx,*.cake,**/*.csproj,**/*.sln,**/*.csx,**/*.cake"}
[2019-12-25 14:00:34.287] [exthost] [info] ExtensionService#loadCommonJSModule file:///root/.vscode/extensions/ms-vscode.csharp-1.21.8/dist/extension
[2019-12-25 14:00:34.780] [exthost] [info] ExtensionService#_doActivateExtension tintoy.msbuild-project-tools {"startup":true,"extensionId":{"value":"tintoy.msbuild-project-tools","_lower":"tintoy.msbuild-project-tools"},"activationEvent":"workspaceContainsTimeout:**/*.*proj,**/*.props,**/*.targets"}
[2019-12-25 14:00:34.780] [exthost] [info] ExtensionService#loadCommonJSModule file:///root/.vscode/extensions/tintoy.msbuild-project-tools-0.3.2/out/src/extension/extension
[2019-12-25 14:00:41.812] [exthost] [info] eager extensions activated
